
> rentiva@0.1.0 build
> next build

▲ Next.js 16.1.6 (Turbopack)
- Environments: .env.local

  Creating an optimized production build ...
✓ Compiled successfully in 6.1s
  Running TypeScript ...
  Collecting page data using 7 workers ...
(node:22624) [DEP0040] DeprecationWarning: The `punycode` module is deprecated. Please use a userland alternative instead.
(Use `node --trace-deprecation ...` to show where the warning was created)
(node:28272) [DEP0040] DeprecationWarning: The `punycode` module is deprecated. Please use a userland alternative instead.
(Use `node --trace-deprecation ...` to show where the warning was created)
(node:25624) [DEP0040] DeprecationWarning: The `punycode` module is deprecated. Please use a userland alternative instead.
(Use `node --trace-deprecation ...` to show where the warning was created)
  Generating static pages using 7 workers (0/8) ...
  Generating static pages using 7 workers (2/8) 
(node:26596) [DEP0040] DeprecationWarning: The `punycode` module is deprecated. Please use a userland alternative instead.
(Use `node --trace-deprecation ...` to show where the warning was created)
Error occurred prerendering page "/". Read more: https://nextjs.org/docs/messages/prerender-error
TypeError: fetch failed
    at async c (C:\Projects\rentiva\.next\server\chunks\ssr\[root-of-the-server]__6f9b1cf6._.js:1:3599)
    at async f (C:\Projects\rentiva\.next\server\chunks\ssr\[root-of-the-server]__6f9b1cf6._.js:1:3732) {
  digest: '1723374368',
  [cause]: AggregateError: 
      at ignore-listed frames {
    code: 'ECONNREFUSED'
  }
}
Export encountered an error on /(main)/page: /, exiting the build.
⨯ Next.js build worker exited with code: 1 and signal: null
